{"/Users/stevanzecevic/picnic-react-native-stevan-zecevic/app/gif.tsx": {"path":"/Users/stevanzecevic/picnic-react-native-stevan-zecevic/app/gif.tsx","statementMap":{"0":{"start":{"line":8,"column":18},"end":{"line":30,"column":1}},"1":{"start":{"line":9,"column":18},"end":{"line":9,"column":26}},"2":{"start":{"line":11,"column":2},"end":{"line":17,"column":3}},"3":{"start":{"line":12,"column":4},"end":{"line":16,"column":6}},"4":{"start":{"line":19,"column":2},"end":{"line":29,"column":4}},"5":{"start":{"line":22,"column":41},"end":{"line":22,"column":54}}},"fnMap":{"0":{"name":"(anonymous_0)","decl":{"start":{"line":8,"column":18},"end":{"line":8,"column":19}},"loc":{"start":{"line":8,"column":24},"end":{"line":30,"column":1}},"line":8},"1":{"name":"(anonymous_1)","decl":{"start":{"line":22,"column":35},"end":{"line":22,"column":36}},"loc":{"start":{"line":22,"column":41},"end":{"line":22,"column":54}},"line":22}},"branchMap":{"0":{"loc":{"start":{"line":11,"column":2},"end":{"line":17,"column":3}},"type":"if","locations":[{"start":{"line":11,"column":2},"end":{"line":17,"column":3}},{"start":{},"end":{}}],"line":11}},"s":{"0":1,"1":1,"2":1,"3":1,"4":0,"5":0},"f":{"0":1,"1":0},"b":{"0":[1,0]},"_coverageSchema":"1a1c01bbd47fc00a2c39e90264f33305004495a9","hash":"88ed6980b665b4e76c80396283331b065ca905cd"}
,"/Users/stevanzecevic/picnic-react-native-stevan-zecevic/app/index.tsx": {"path":"/Users/stevanzecevic/picnic-react-native-stevan-zecevic/app/index.tsx","statementMap":{"0":{"start":{"line":11,"column":19},"end":{"line":49,"column":1}},"1":{"start":{"line":12,"column":20},"end":{"line":12,"column":43}},"2":{"start":{"line":14,"column":30},"end":{"line":14,"column":54}},"3":{"start":{"line":15,"column":48},"end":{"line":15,"column":63}},"4":{"start":{"line":17,"column":24},"end":{"line":17,"column":51}},"5":{"start":{"line":18,"column":28},"end":{"line":18,"column":43}},"6":{"start":{"line":20,"column":2},"end":{"line":48,"column":4}},"7":{"start":{"line":26,"column":28},"end":{"line":26,"column":43}},"8":{"start":{"line":27,"column":23},"end":{"line":27,"column":47}},"9":{"start":{"line":29,"column":10},"end":{"line":29,"column":36}},"10":{"start":{"line":30,"column":10},"end":{"line":30,"column":24}},"11":{"start":{"line":31,"column":10},"end":{"line":31,"column":36}}},"fnMap":{"0":{"name":"(anonymous_0)","decl":{"start":{"line":11,"column":19},"end":{"line":11,"column":20}},"loc":{"start":{"line":11,"column":25},"end":{"line":49,"column":1}},"line":11},"1":{"name":"(anonymous_1)","decl":{"start":{"line":26,"column":18},"end":{"line":26,"column":19}},"loc":{"start":{"line":26,"column":28},"end":{"line":26,"column":43}},"line":26},"2":{"name":"(anonymous_2)","decl":{"start":{"line":27,"column":17},"end":{"line":27,"column":18}},"loc":{"start":{"line":27,"column":23},"end":{"line":27,"column":47}},"line":27},"3":{"name":"(anonymous_3)","decl":{"start":{"line":28,"column":18},"end":{"line":28,"column":19}},"loc":{"start":{"line":28,"column":24},"end":{"line":32,"column":9}},"line":28}},"branchMap":{"0":{"loc":{"start":{"line":17,"column":24},"end":{"line":17,"column":51}},"type":"binary-expr","locations":[{"start":{"line":17,"column":24},"end":{"line":17,"column":40}},{"start":{"line":17,"column":44},"end":{"line":17,"column":51}}],"line":17},"1":{"loc":{"start":{"line":36,"column":9},"end":{"line":40,"column":9}},"type":"binary-expr","locations":[{"start":{"line":36,"column":9},"end":{"line":36,"column":22}},{"start":{"line":37,"column":10},"end":{"line":39,"column":21}}],"line":36},"2":{"loc":{"start":{"line":41,"column":9},"end":{"line":45,"column":9}},"type":"binary-expr","locations":[{"start":{"line":41,"column":9},"end":{"line":41,"column":26}},{"start":{"line":42,"column":10},"end":{"line":44,"column":21}}],"line":41}},"s":{"0":1,"1":6,"2":6,"3":6,"4":6,"5":6,"6":6,"7":1,"8":2,"9":1,"10":1,"11":1},"f":{"0":6,"1":1,"2":2,"3":1},"b":{"0":[6,4],"1":[6,4],"2":[6,2]},"_coverageSchema":"1a1c01bbd47fc00a2c39e90264f33305004495a9","hash":"ce8564b4497b33195f6d8b4ad3f7a5e063ef5b47"}
,"/Users/stevanzecevic/picnic-react-native-stevan-zecevic/components/error.tsx": {"path":"/Users/stevanzecevic/picnic-react-native-stevan-zecevic/components/error.tsx","statementMap":{"0":{"start":{"line":7,"column":21},"end":{"line":18,"column":1}},"1":{"start":{"line":8,"column":2},"end":{"line":17,"column":9}},"2":{"start":{"line":12,"column":21},"end":{"line":12,"column":30}}},"fnMap":{"0":{"name":"(anonymous_0)","decl":{"start":{"line":7,"column":21},"end":{"line":7,"column":22}},"loc":{"start":{"line":8,"column":2},"end":{"line":17,"column":9}},"line":8},"1":{"name":"(anonymous_1)","decl":{"start":{"line":12,"column":15},"end":{"line":12,"column":16}},"loc":{"start":{"line":12,"column":21},"end":{"line":12,"column":30}},"line":12}},"branchMap":{},"s":{"0":1,"1":0,"2":0},"f":{"0":0,"1":0},"b":{},"_coverageSchema":"1a1c01bbd47fc00a2c39e90264f33305004495a9","hash":"9ec2bc136477fa1883f44e8cb5e4e2c02884b2ae"}
,"/Users/stevanzecevic/picnic-react-native-stevan-zecevic/components/gif-list.tsx": {"path":"/Users/stevanzecevic/picnic-react-native-stevan-zecevic/components/gif-list.tsx","statementMap":{"0":{"start":{"line":12,"column":23},"end":{"line":48,"column":1}},"1":{"start":{"line":13,"column":2},"end":{"line":15,"column":3}},"2":{"start":{"line":14,"column":4},"end":{"line":14,"column":16}},"3":{"start":{"line":17,"column":2},"end":{"line":47,"column":4}},"4":{"start":{"line":21,"column":30},"end":{"line":21,"column":37}},"5":{"start":{"line":22,"column":36},"end":{"line":22,"column":67}},"6":{"start":{"line":24,"column":8},"end":{"line":44,"column":27}},"7":{"start":{"line":27,"column":12},"end":{"line":34,"column":14}}},"fnMap":{"0":{"name":"(anonymous_0)","decl":{"start":{"line":12,"column":23},"end":{"line":12,"column":24}},"loc":{"start":{"line":12,"column":55},"end":{"line":48,"column":1}},"line":12},"1":{"name":"(anonymous_1)","decl":{"start":{"line":21,"column":20},"end":{"line":21,"column":21}},"loc":{"start":{"line":21,"column":30},"end":{"line":21,"column":37}},"line":21},"2":{"name":"(anonymous_2)","decl":{"start":{"line":22,"column":30},"end":{"line":22,"column":31}},"loc":{"start":{"line":22,"column":36},"end":{"line":22,"column":67}},"line":22},"3":{"name":"(anonymous_3)","decl":{"start":{"line":23,"column":18},"end":{"line":23,"column":19}},"loc":{"start":{"line":24,"column":8},"end":{"line":44,"column":27}},"line":24},"4":{"name":"(anonymous_4)","decl":{"start":{"line":26,"column":19},"end":{"line":26,"column":20}},"loc":{"start":{"line":27,"column":12},"end":{"line":34,"column":14}},"line":27}},"branchMap":{"0":{"loc":{"start":{"line":13,"column":2},"end":{"line":15,"column":3}},"type":"if","locations":[{"start":{"line":13,"column":2},"end":{"line":15,"column":3}},{"start":{},"end":{}}],"line":13}},"s":{"0":1,"1":1,"2":0,"3":1,"4":2,"5":0,"6":1,"7":0},"f":{"0":1,"1":2,"2":0,"3":1,"4":0},"b":{"0":[0,1]},"_coverageSchema":"1a1c01bbd47fc00a2c39e90264f33305004495a9","hash":"a09bd8d68cf58ab5995821fb3c4e6ccbefcd6a33"}
,"/Users/stevanzecevic/picnic-react-native-stevan-zecevic/components/gif-provider.tsx": {"path":"/Users/stevanzecevic/picnic-react-native-stevan-zecevic/components/gif-provider.tsx","statementMap":{"0":{"start":{"line":19,"column":19},"end":{"line":22,"column":2}},"1":{"start":{"line":24,"column":27},"end":{"line":35,"column":1}},"2":{"start":{"line":25,"column":17},"end":{"line":25,"column":28}},"3":{"start":{"line":27,"column":24},"end":{"line":27,"column":54}},"4":{"start":{"line":29,"column":20},"end":{"line":32,"column":3}},"5":{"start":{"line":30,"column":4},"end":{"line":30,"column":16}},"6":{"start":{"line":31,"column":4},"end":{"line":31,"column":24}},"7":{"start":{"line":34,"column":2},"end":{"line":34,"column":90}},"8":{"start":{"line":37,"column":22},"end":{"line":44,"column":1}},"9":{"start":{"line":38,"column":18},"end":{"line":38,"column":40}},"10":{"start":{"line":39,"column":2},"end":{"line":41,"column":3}},"11":{"start":{"line":40,"column":4},"end":{"line":40,"column":64}},"12":{"start":{"line":43,"column":2},"end":{"line":43,"column":17}}},"fnMap":{"0":{"name":"(anonymous_0)","decl":{"start":{"line":21,"column":13},"end":{"line":21,"column":14}},"loc":{"start":{"line":21,"column":31},"end":{"line":21,"column":33}},"line":21},"1":{"name":"(anonymous_1)","decl":{"start":{"line":24,"column":27},"end":{"line":24,"column":28}},"loc":{"start":{"line":24,"column":76},"end":{"line":35,"column":1}},"line":24},"2":{"name":"(anonymous_2)","decl":{"start":{"line":29,"column":20},"end":{"line":29,"column":21}},"loc":{"start":{"line":29,"column":38},"end":{"line":32,"column":3}},"line":29},"3":{"name":"(anonymous_3)","decl":{"start":{"line":37,"column":22},"end":{"line":37,"column":23}},"loc":{"start":{"line":37,"column":28},"end":{"line":44,"column":1}},"line":37}},"branchMap":{"0":{"loc":{"start":{"line":39,"column":2},"end":{"line":41,"column":3}},"type":"if","locations":[{"start":{"line":39,"column":2},"end":{"line":41,"column":3}},{"start":{},"end":{}}],"line":39}},"s":{"0":2,"1":2,"2":3,"3":3,"4":3,"5":1,"6":1,"7":3,"8":2,"9":8,"10":8,"11":0,"12":8},"f":{"0":0,"1":3,"2":1,"3":8},"b":{"0":[0,8]},"_coverageSchema":"1a1c01bbd47fc00a2c39e90264f33305004495a9","hash":"4cacb2f5acf3794cbbce16ed91ab35a61e91dbff"}
,"/Users/stevanzecevic/picnic-react-native-stevan-zecevic/components/gif.tsx": {"path":"/Users/stevanzecevic/picnic-react-native-stevan-zecevic/components/gif.tsx","statementMap":{"0":{"start":{"line":16,"column":19},"end":{"line":40,"column":1}},"1":{"start":{"line":17,"column":2},"end":{"line":39,"column":9}}},"fnMap":{"0":{"name":"(anonymous_0)","decl":{"start":{"line":16,"column":19},"end":{"line":16,"column":20}},"loc":{"start":{"line":17,"column":2},"end":{"line":39,"column":9}},"line":17}},"branchMap":{"0":{"loc":{"start":{"line":30,"column":49},"end":{"line":30,"column":81}},"type":"binary-expr","locations":[{"start":{"line":30,"column":49},"end":{"line":30,"column":54}},{"start":{"line":30,"column":58},"end":{"line":30,"column":81}}],"line":30}},"s":{"0":2,"1":2},"f":{"0":2},"b":{"0":[2,0]},"_coverageSchema":"1a1c01bbd47fc00a2c39e90264f33305004495a9","hash":"5bbed41848ea5ce0ae7aa3c79d253ee889476d4d"}
,"/Users/stevanzecevic/picnic-react-native-stevan-zecevic/components/loader.tsx": {"path":"/Users/stevanzecevic/picnic-react-native-stevan-zecevic/components/loader.tsx","statementMap":{"0":{"start":{"line":3,"column":16},"end":{"line":11,"column":1}},"1":{"start":{"line":4,"column":2},"end":{"line":10,"column":9}},"2":{"start":{"line":13,"column":15},"end":{"line":21,"column":1}},"3":{"start":{"line":14,"column":2},"end":{"line":20,"column":9}},"4":{"start":{"line":23,"column":22},"end":{"line":26,"column":1}}},"fnMap":{"0":{"name":"(anonymous_0)","decl":{"start":{"line":3,"column":16},"end":{"line":3,"column":17}},"loc":{"start":{"line":4,"column":2},"end":{"line":10,"column":9}},"line":4},"1":{"name":"(anonymous_1)","decl":{"start":{"line":13,"column":15},"end":{"line":13,"column":16}},"loc":{"start":{"line":14,"column":2},"end":{"line":20,"column":9}},"line":14}},"branchMap":{},"s":{"0":1,"1":2,"2":1,"3":3,"4":1},"f":{"0":2,"1":3},"b":{},"_coverageSchema":"1a1c01bbd47fc00a2c39e90264f33305004495a9","hash":"bcefbd1e0b0b5d221a0105418c677a40f1b1326a"}
,"/Users/stevanzecevic/picnic-react-native-stevan-zecevic/components/random-gif.tsx": {"path":"/Users/stevanzecevic/picnic-react-native-stevan-zecevic/components/random-gif.tsx","statementMap":{"0":{"start":{"line":8,"column":25},"end":{"line":37,"column":1}},"1":{"start":{"line":9,"column":22},"end":{"line":9,"column":38}},"2":{"start":{"line":11,"column":51},"end":{"line":11,"column":65}},"3":{"start":{"line":13,"column":2},"end":{"line":22,"column":3}},"4":{"start":{"line":14,"column":4},"end":{"line":21,"column":6}},"5":{"start":{"line":17,"column":10},"end":{"line":17,"column":66}},"6":{"start":{"line":18,"column":10},"end":{"line":18,"column":20}},"7":{"start":{"line":24,"column":2},"end":{"line":36,"column":4}}},"fnMap":{"0":{"name":"(anonymous_0)","decl":{"start":{"line":8,"column":25},"end":{"line":8,"column":26}},"loc":{"start":{"line":8,"column":31},"end":{"line":37,"column":1}},"line":8},"1":{"name":"(anonymous_1)","decl":{"start":{"line":16,"column":17},"end":{"line":16,"column":18}},"loc":{"start":{"line":16,"column":23},"end":{"line":19,"column":9}},"line":16}},"branchMap":{"0":{"loc":{"start":{"line":13,"column":2},"end":{"line":22,"column":3}},"type":"if","locations":[{"start":{"line":13,"column":2},"end":{"line":22,"column":3}},{"start":{},"end":{}}],"line":13},"1":{"loc":{"start":{"line":13,"column":6},"end":{"line":13,"column":30}},"type":"binary-expr","locations":[{"start":{"line":13,"column":6},"end":{"line":13,"column":13}},{"start":{"line":13,"column":17},"end":{"line":13,"column":30}}],"line":13}},"s":{"0":1,"1":5,"2":5,"3":2,"4":0,"5":0,"6":0,"7":2},"f":{"0":5,"1":0},"b":{"0":[0,2],"1":[2,0]},"_coverageSchema":"1a1c01bbd47fc00a2c39e90264f33305004495a9","hash":"1c350ba260a506eaebea7827714b52912e3368f6"}
,"/Users/stevanzecevic/picnic-react-native-stevan-zecevic/components/search-gifs.tsx": {"path":"/Users/stevanzecevic/picnic-react-native-stevan-zecevic/components/search-gifs.tsx","statementMap":{"0":{"start":{"line":15,"column":26},"end":{"line":37,"column":1}},"1":{"start":{"line":16,"column":22},"end":{"line":16,"column":38}},"2":{"start":{"line":17,"column":24},"end":{"line":17,"column":32}},"3":{"start":{"line":19,"column":51},"end":{"line":19,"column":72}},"4":{"start":{"line":21,"column":2},"end":{"line":30,"column":3}},"5":{"start":{"line":22,"column":4},"end":{"line":29,"column":6}},"6":{"start":{"line":25,"column":10},"end":{"line":25,"column":75}},"7":{"start":{"line":26,"column":10},"end":{"line":26,"column":20}},"8":{"start":{"line":31,"column":2},"end":{"line":36,"column":4}}},"fnMap":{"0":{"name":"(anonymous_0)","decl":{"start":{"line":15,"column":26},"end":{"line":15,"column":27}},"loc":{"start":{"line":15,"column":49},"end":{"line":37,"column":1}},"line":15},"1":{"name":"(anonymous_1)","decl":{"start":{"line":24,"column":17},"end":{"line":24,"column":18}},"loc":{"start":{"line":24,"column":23},"end":{"line":27,"column":9}},"line":24}},"branchMap":{"0":{"loc":{"start":{"line":21,"column":2},"end":{"line":30,"column":3}},"type":"if","locations":[{"start":{"line":21,"column":2},"end":{"line":30,"column":3}},{"start":{},"end":{}}],"line":21},"1":{"loc":{"start":{"line":21,"column":6},"end":{"line":21,"column":30}},"type":"binary-expr","locations":[{"start":{"line":21,"column":6},"end":{"line":21,"column":13}},{"start":{"line":21,"column":17},"end":{"line":21,"column":30}}],"line":21},"2":{"loc":{"start":{"line":34,"column":7},"end":{"line":34,"column":65}},"type":"binary-expr","locations":[{"start":{"line":34,"column":7},"end":{"line":34,"column":11}},{"start":{"line":34,"column":15},"end":{"line":34,"column":65}}],"line":34}},"s":{"0":1,"1":4,"2":4,"3":4,"4":2,"5":0,"6":0,"7":0,"8":2},"f":{"0":4,"1":0},"b":{"0":[0,2],"1":[2,0],"2":[2,1]},"_coverageSchema":"1a1c01bbd47fc00a2c39e90264f33305004495a9","hash":"5040cef5460107d24ad86f9de1f301188157cd6e"}
,"/Users/stevanzecevic/picnic-react-native-stevan-zecevic/components/search.tsx": {"path":"/Users/stevanzecevic/picnic-react-native-stevan-zecevic/components/search.tsx","statementMap":{"0":{"start":{"line":17,"column":22},"end":{"line":53,"column":1}},"1":{"start":{"line":19,"column":4},"end":{"line":51,"column":11}},"2":{"start":{"line":40,"column":90},"end":{"line":40,"column":102}},"3":{"start":{"line":46,"column":25},"end":{"line":46,"column":35}},"4":{"start":{"line":55,"column":0},"end":{"line":55,"column":30}}},"fnMap":{"0":{"name":"(anonymous_0)","decl":{"start":{"line":18,"column":2},"end":{"line":18,"column":3}},"loc":{"start":{"line":19,"column":4},"end":{"line":51,"column":11}},"line":19},"1":{"name":"(anonymous_1)","decl":{"start":{"line":40,"column":84},"end":{"line":40,"column":85}},"loc":{"start":{"line":40,"column":90},"end":{"line":40,"column":102}},"line":40},"2":{"name":"(anonymous_2)","decl":{"start":{"line":46,"column":19},"end":{"line":46,"column":20}},"loc":{"start":{"line":46,"column":25},"end":{"line":46,"column":35}},"line":46}},"branchMap":{"0":{"loc":{"start":{"line":29,"column":50},"end":{"line":29,"column":80}},"type":"cond-expr","locations":[{"start":{"line":29,"column":62},"end":{"line":29,"column":68}},{"start":{"line":29,"column":71},"end":{"line":29,"column":80}}],"line":29},"1":{"loc":{"start":{"line":40,"column":9},"end":{"line":40,"column":106}},"type":"binary-expr","locations":[{"start":{"line":40,"column":9},"end":{"line":40,"column":25}},{"start":{"line":40,"column":29},"end":{"line":40,"column":106}}],"line":40},"2":{"loc":{"start":{"line":42,"column":7},"end":{"line":50,"column":7}},"type":"binary-expr","locations":[{"start":{"line":42,"column":7},"end":{"line":42,"column":16}},{"start":{"line":43,"column":8},"end":{"line":49,"column":27}}],"line":42}},"s":{"0":1,"1":6,"2":0,"3":1,"4":1},"f":{"0":6,"1":0,"2":1},"b":{"0":[2,4],"1":[6,1],"2":[6,2]},"_coverageSchema":"1a1c01bbd47fc00a2c39e90264f33305004495a9","hash":"e2d70033eee8fcf7c3ecdaaf392d0f670f07900a"}
,"/Users/stevanzecevic/picnic-react-native-stevan-zecevic/components/hooks/useRandomGif.ts": {"path":"/Users/stevanzecevic/picnic-react-native-stevan-zecevic/components/hooks/useRandomGif.ts","statementMap":{"0":{"start":{"line":4,"column":28},"end":{"line":10,"column":1}},"1":{"start":{"line":5,"column":2},"end":{"line":9,"column":5}}},"fnMap":{"0":{"name":"(anonymous_0)","decl":{"start":{"line":4,"column":28},"end":{"line":4,"column":29}},"loc":{"start":{"line":4,"column":34},"end":{"line":10,"column":1}},"line":4}},"branchMap":{},"s":{"0":2,"1":9},"f":{"0":9},"b":{},"_coverageSchema":"1a1c01bbd47fc00a2c39e90264f33305004495a9","hash":"23af12baa5a413abfed1f4fa4eadbebaac0d0534"}
,"/Users/stevanzecevic/picnic-react-native-stevan-zecevic/components/hooks/useSearchGifs.tsx": {"path":"/Users/stevanzecevic/picnic-react-native-stevan-zecevic/components/hooks/useSearchGifs.tsx","statementMap":{"0":{"start":{"line":4,"column":29},"end":{"line":9,"column":1}},"1":{"start":{"line":5,"column":2},"end":{"line":8,"column":5}},"2":{"start":{"line":7,"column":20},"end":{"line":7,"column":74}}},"fnMap":{"0":{"name":"(anonymous_0)","decl":{"start":{"line":4,"column":29},"end":{"line":4,"column":30}},"loc":{"start":{"line":4,"column":49},"end":{"line":9,"column":1}},"line":4},"1":{"name":"(anonymous_1)","decl":{"start":{"line":7,"column":13},"end":{"line":7,"column":14}},"loc":{"start":{"line":7,"column":20},"end":{"line":7,"column":74}},"line":7}},"branchMap":{"0":{"loc":{"start":{"line":7,"column":20},"end":{"line":7,"column":74}},"type":"cond-expr","locations":[{"start":{"line":7,"column":41},"end":{"line":7,"column":67}},{"start":{"line":7,"column":70},"end":{"line":7,"column":74}}],"line":7}},"s":{"0":1,"1":4,"2":2},"f":{"0":4,"1":2},"b":{"0":[1,1]},"_coverageSchema":"1a1c01bbd47fc00a2c39e90264f33305004495a9","hash":"5e13840328c30bbcea0ae29d6ab86fee531e8782"}
,"/Users/stevanzecevic/picnic-react-native-stevan-zecevic/icons/chevron-left-icon.tsx": {"path":"/Users/stevanzecevic/picnic-react-native-stevan-zecevic/icons/chevron-left-icon.tsx","statementMap":{"0":{"start":{"line":4,"column":31},"end":{"line":8,"column":1}},"1":{"start":{"line":5,"column":2},"end":{"line":7,"column":8}}},"fnMap":{"0":{"name":"(anonymous_0)","decl":{"start":{"line":4,"column":31},"end":{"line":4,"column":32}},"loc":{"start":{"line":5,"column":2},"end":{"line":7,"column":8}},"line":5}},"branchMap":{},"s":{"0":1,"1":0},"f":{"0":0},"b":{},"_coverageSchema":"1a1c01bbd47fc00a2c39e90264f33305004495a9","hash":"838094b745ab744410dd5defb62f68f4c04f71e9"}
,"/Users/stevanzecevic/picnic-react-native-stevan-zecevic/icons/search-icon.tsx": {"path":"/Users/stevanzecevic/picnic-react-native-stevan-zecevic/icons/search-icon.tsx","statementMap":{"0":{"start":{"line":4,"column":26},"end":{"line":12,"column":1}},"1":{"start":{"line":5,"column":2},"end":{"line":11,"column":8}}},"fnMap":{"0":{"name":"(anonymous_0)","decl":{"start":{"line":4,"column":26},"end":{"line":4,"column":27}},"loc":{"start":{"line":5,"column":2},"end":{"line":11,"column":8}},"line":5}},"branchMap":{},"s":{"0":1,"1":6},"f":{"0":6},"b":{},"_coverageSchema":"1a1c01bbd47fc00a2c39e90264f33305004495a9","hash":"7562d19483ad5234ff7092be6a4ce2549930fc80"}
,"/Users/stevanzecevic/picnic-react-native-stevan-zecevic/icons/x-icon.tsx": {"path":"/Users/stevanzecevic/picnic-react-native-stevan-zecevic/icons/x-icon.tsx","statementMap":{"0":{"start":{"line":4,"column":21},"end":{"line":12,"column":1}},"1":{"start":{"line":5,"column":2},"end":{"line":11,"column":8}}},"fnMap":{"0":{"name":"(anonymous_0)","decl":{"start":{"line":4,"column":21},"end":{"line":4,"column":22}},"loc":{"start":{"line":5,"column":2},"end":{"line":11,"column":8}},"line":5}},"branchMap":{},"s":{"0":1,"1":1},"f":{"0":1},"b":{},"_coverageSchema":"1a1c01bbd47fc00a2c39e90264f33305004495a9","hash":"89776352999b4ca35c67e8ba34d8a5e7dc93d224"}
,"/Users/stevanzecevic/picnic-react-native-stevan-zecevic/utils/age-rating.ts": {"path":"/Users/stevanzecevic/picnic-react-native-stevan-zecevic/utils/age-rating.ts","statementMap":{"0":{"start":{"line":3,"column":52},"end":{"line":9,"column":1}},"1":{"start":{"line":11,"column":28},"end":{"line":13,"column":1}},"2":{"start":{"line":12,"column":2},"end":{"line":12,"column":30}}},"fnMap":{"0":{"name":"(anonymous_0)","decl":{"start":{"line":11,"column":28},"end":{"line":11,"column":29}},"loc":{"start":{"line":11,"column":55},"end":{"line":13,"column":1}},"line":11}},"branchMap":{},"s":{"0":2,"1":2,"2":2},"f":{"0":2},"b":{},"_coverageSchema":"1a1c01bbd47fc00a2c39e90264f33305004495a9","hash":"645b05a92a00699288364c670fffd1bd968dc36b"}
,"/Users/stevanzecevic/picnic-react-native-stevan-zecevic/utils/api.ts": {"path":"/Users/stevanzecevic/picnic-react-native-stevan-zecevic/utils/api.ts","statementMap":{"0":{"start":{"line":3,"column":23},"end":{"line":14,"column":1}},"1":{"start":{"line":4,"column":2},"end":{"line":13,"column":3}},"2":{"start":{"line":5,"column":21},"end":{"line":5,"column":113}},"3":{"start":{"line":6,"column":17},"end":{"line":6,"column":38}},"4":{"start":{"line":8,"column":4},"end":{"line":8,"column":16}},"5":{"start":{"line":10,"column":4},"end":{"line":10,"column":55}},"6":{"start":{"line":12,"column":4},"end":{"line":12,"column":16}},"7":{"start":{"line":16,"column":23},"end":{"line":29,"column":1}},"8":{"start":{"line":17,"column":2},"end":{"line":28,"column":3}},"9":{"start":{"line":18,"column":21},"end":{"line":20,"column":5}},"10":{"start":{"line":21,"column":17},"end":{"line":21,"column":38}},"11":{"start":{"line":23,"column":4},"end":{"line":23,"column":16}},"12":{"start":{"line":25,"column":4},"end":{"line":25,"column":55}},"13":{"start":{"line":27,"column":4},"end":{"line":27,"column":16}},"14":{"start":{"line":31,"column":19},"end":{"line":31,"column":53}}},"fnMap":{"0":{"name":"(anonymous_0)","decl":{"start":{"line":3,"column":23},"end":{"line":3,"column":24}},"loc":{"start":{"line":3,"column":63},"end":{"line":14,"column":1}},"line":3},"1":{"name":"(anonymous_1)","decl":{"start":{"line":16,"column":23},"end":{"line":16,"column":24}},"loc":{"start":{"line":16,"column":77},"end":{"line":29,"column":1}},"line":16}},"branchMap":{},"s":{"0":2,"1":6,"2":6,"3":6,"4":6,"5":0,"6":0,"7":2,"8":1,"9":1,"10":1,"11":1,"12":0,"13":0,"14":2},"f":{"0":6,"1":1},"b":{},"_coverageSchema":"1a1c01bbd47fc00a2c39e90264f33305004495a9","hash":"029daf887b9b723474ae6f8345795e85ce2454ed"}
,"/Users/stevanzecevic/picnic-react-native-stevan-zecevic/utils/helper-functions.ts": {"path":"/Users/stevanzecevic/picnic-react-native-stevan-zecevic/utils/helper-functions.ts","statementMap":{"0":{"start":{"line":1,"column":36},"end":{"line":3,"column":1}},"1":{"start":{"line":2,"column":2},"end":{"line":2,"column":48}}},"fnMap":{"0":{"name":"(anonymous_0)","decl":{"start":{"line":1,"column":36},"end":{"line":1,"column":37}},"loc":{"start":{"line":1,"column":71},"end":{"line":3,"column":1}},"line":1}},"branchMap":{},"s":{"0":2,"1":2},"f":{"0":2},"b":{},"_coverageSchema":"1a1c01bbd47fc00a2c39e90264f33305004495a9","hash":"1c76a72b2e941c3ec8c91d0539af8afd0bae25b1"}
}
