TN:
SF:app/gif.tsx
FN:8,(anonymous_0)
FN:22,(anonymous_1)
FNF:2
FNH:1
FNDA:1,(anonymous_0)
FNDA:0,(anonymous_1)
DA:8,1
DA:9,1
DA:11,1
DA:12,1
DA:19,0
DA:22,0
LF:6
LH:4
BRDA:11,0,0,1
BRDA:11,0,1,0
BRF:2
BRH:1
end_of_record
TN:
SF:app/index.tsx
FN:11,(anonymous_0)
FN:26,(anonymous_1)
FN:27,(anonymous_2)
FN:28,(anonymous_3)
FNF:4
FNH:4
FNDA:6,(anonymous_0)
FNDA:1,(anonymous_1)
FNDA:2,(anonymous_2)
FNDA:1,(anonymous_3)
DA:11,1
DA:12,6
DA:14,6
DA:15,6
DA:17,6
DA:18,6
DA:20,6
DA:26,1
DA:27,2
DA:29,1
DA:30,1
DA:31,1
LF:12
LH:12
BRDA:17,0,0,6
BRDA:17,0,1,4
BRDA:36,1,0,6
BRDA:36,1,1,4
BRDA:41,2,0,6
BRDA:41,2,1,2
BRF:6
BRH:6
end_of_record
TN:
SF:components/error.tsx
FN:7,(anonymous_0)
FN:12,(anonymous_1)
FNF:2
FNH:0
FNDA:0,(anonymous_0)
FNDA:0,(anonymous_1)
DA:7,1
DA:8,0
DA:12,0
LF:3
LH:1
BRF:0
BRH:0
end_of_record
TN:
SF:components/gif-list.tsx
FN:12,(anonymous_0)
FN:21,(anonymous_1)
FN:22,(anonymous_2)
FN:23,(anonymous_3)
FN:26,(anonymous_4)
FNF:5
FNH:3
FNDA:1,(anonymous_0)
FNDA:2,(anonymous_1)
FNDA:0,(anonymous_2)
FNDA:1,(anonymous_3)
FNDA:0,(anonymous_4)
DA:12,1
DA:13,1
DA:14,0
DA:17,1
DA:21,2
DA:22,0
DA:24,1
DA:27,0
LF:8
LH:5
BRDA:13,0,0,0
BRDA:13,0,1,1
BRF:2
BRH:1
end_of_record
TN:
SF:components/gif-provider.tsx
FN:21,(anonymous_0)
FN:24,(anonymous_1)
FN:29,(anonymous_2)
FN:37,(anonymous_3)
FNF:4
FNH:3
FNDA:0,(anonymous_0)
FNDA:3,(anonymous_1)
FNDA:1,(anonymous_2)
FNDA:8,(anonymous_3)
DA:19,2
DA:24,2
DA:25,3
DA:27,3
DA:29,3
DA:30,1
DA:31,1
DA:34,3
DA:37,2
DA:38,8
DA:39,8
DA:40,0
DA:43,8
LF:13
LH:12
BRDA:39,0,0,0
BRDA:39,0,1,8
BRF:2
BRH:1
end_of_record
TN:
SF:components/gif.tsx
FN:16,(anonymous_0)
FNF:1
FNH:1
FNDA:2,(anonymous_0)
DA:16,2
DA:17,2
LF:2
LH:2
BRDA:30,0,0,2
BRDA:30,0,1,0
BRF:2
BRH:1
end_of_record
TN:
SF:components/loader.tsx
FN:3,(anonymous_0)
FN:13,(anonymous_1)
FNF:2
FNH:2
FNDA:2,(anonymous_0)
FNDA:3,(anonymous_1)
DA:3,1
DA:4,2
DA:13,1
DA:14,3
DA:23,1
LF:5
LH:5
BRF:0
BRH:0
end_of_record
TN:
SF:components/random-gif.tsx
FN:8,(anonymous_0)
FN:16,(anonymous_1)
FNF:2
FNH:1
FNDA:5,(anonymous_0)
FNDA:0,(anonymous_1)
DA:8,1
DA:9,5
DA:11,5
DA:13,2
DA:14,0
DA:17,0
DA:18,0
DA:24,2
LF:8
LH:5
BRDA:13,0,0,0
BRDA:13,0,1,2
BRDA:13,1,0,2
BRDA:13,1,1,0
BRF:4
BRH:2
end_of_record
TN:
SF:components/search-gifs.tsx
FN:15,(anonymous_0)
FN:24,(anonymous_1)
FNF:2
FNH:1
FNDA:4,(anonymous_0)
FNDA:0,(anonymous_1)
DA:15,1
DA:16,4
DA:17,4
DA:19,4
DA:21,2
DA:22,0
DA:25,0
DA:26,0
DA:31,2
LF:9
LH:6
BRDA:21,0,0,0
BRDA:21,0,1,2
BRDA:21,1,0,2
BRDA:21,1,1,0
BRDA:34,2,0,2
BRDA:34,2,1,1
BRF:6
BRH:4
end_of_record
TN:
SF:components/search.tsx
FN:18,(anonymous_0)
FN:40,(anonymous_1)
FN:46,(anonymous_2)
FNF:3
FNH:2
FNDA:6,(anonymous_0)
FNDA:0,(anonymous_1)
FNDA:1,(anonymous_2)
DA:17,1
DA:19,6
DA:40,0
DA:46,1
DA:55,1
LF:5
LH:4
BRDA:29,0,0,2
BRDA:29,0,1,4
BRDA:40,1,0,6
BRDA:40,1,1,1
BRDA:42,2,0,6
BRDA:42,2,1,2
BRF:6
BRH:6
end_of_record
TN:
SF:components/hooks/useRandomGif.ts
FN:4,(anonymous_0)
FNF:1
FNH:1
FNDA:9,(anonymous_0)
DA:4,2
DA:5,9
LF:2
LH:2
BRF:0
BRH:0
end_of_record
TN:
SF:components/hooks/useSearchGifs.tsx
FN:4,(anonymous_0)
FN:7,(anonymous_1)
FNF:2
FNH:2
FNDA:4,(anonymous_0)
FNDA:2,(anonymous_1)
DA:4,1
DA:5,4
DA:7,2
LF:3
LH:3
BRDA:7,0,0,1
BRDA:7,0,1,1
BRF:2
BRH:2
end_of_record
TN:
SF:icons/chevron-left-icon.tsx
FN:4,(anonymous_0)
FNF:1
FNH:0
FNDA:0,(anonymous_0)
DA:4,1
DA:5,0
LF:2
LH:1
BRF:0
BRH:0
end_of_record
TN:
SF:icons/search-icon.tsx
FN:4,(anonymous_0)
FNF:1
FNH:1
FNDA:6,(anonymous_0)
DA:4,1
DA:5,6
LF:2
LH:2
BRF:0
BRH:0
end_of_record
TN:
SF:icons/x-icon.tsx
FN:4,(anonymous_0)
FNF:1
FNH:1
FNDA:1,(anonymous_0)
DA:4,1
DA:5,1
LF:2
LH:2
BRF:0
BRH:0
end_of_record
TN:
SF:utils/age-rating.ts
FN:11,(anonymous_0)
FNF:1
FNH:1
FNDA:2,(anonymous_0)
DA:3,2
DA:11,2
DA:12,2
LF:3
LH:3
BRF:0
BRH:0
end_of_record
TN:
SF:utils/api.ts
FN:3,(anonymous_0)
FN:16,(anonymous_1)
FNF:2
FNH:2
FNDA:6,(anonymous_0)
FNDA:1,(anonymous_1)
DA:3,2
DA:4,6
DA:5,6
DA:6,6
DA:8,6
DA:10,0
DA:12,0
DA:16,2
DA:17,1
DA:18,1
DA:21,1
DA:23,1
DA:25,0
DA:27,0
DA:31,2
LF:15
LH:11
BRF:0
BRH:0
end_of_record
TN:
SF:utils/helper-functions.ts
FN:1,(anonymous_0)
FNF:1
FNH:1
FNDA:2,(anonymous_0)
DA:1,2
DA:2,2
LF:2
LH:2
BRF:0
BRH:0
end_of_record
